<?xml version="1.0" encoding="UTF-8"?>
<!-- Generated by org.testng.reporters.JUnitReportReporter -->
<testsuite hostname="DESKTOP-EDIOI3Q" failures="0" tests="1" name="SeleniumFramework.Test.CutomiseEndToEnd" time="25.566" errors="0" timestamp="2025-03-03T19:59:34 IST" skipped="0">
  <testcase classname="SeleniumFramework.Test.CutomiseEndToEnd" name="submitOrder" time="25.566"/>
</testsuite> <!-- SeleniumFramework.Test.CutomiseEndToEnd -->
